2017-07-24 09:11:05,771  INFO  Controller: activity - Activities' list is received
2017-07-24 09:11:08,416  INFO  Controller: users - User 7 is logged in
2017-07-24 09:11:08,644  INFO  Controller: timeLogs  - list of tasks of user 7 is recieved
2017-07-24 09:13:45,795  INFO  Controller: users - User 7 is logged in
2017-07-24 09:13:45,798  INFO  Controller: activity - Activities' list is received
2017-07-24 09:13:45,894  INFO  Controller: timeLogs  - list of tasks of user 7 is recieved
2017-07-24 09:44:38,770  INFO  Controller: activity - Activities' list is received
2017-07-24 09:44:38,779  INFO  Controller: users - User 7 is logged in
2017-07-24 09:44:38,866  INFO  Controller: timeLogs  - list of tasks of user 7 is recieved
2017-07-24 09:51:45,933  INFO  Controller: activity - Activities' list is received
2017-07-24 09:51:45,937  INFO  Controller: users - User 7 is logged in
2017-07-24 09:51:46,038  INFO  Controller: timeLogs  - list of tasks of user 7 is recieved
2017-07-24 10:33:14,419  INFO  Controller: activity - Activities' list is received
2017-07-24 10:33:14,425  INFO  Controller: users - User 7 is logged in
2017-07-24 10:33:14,522  INFO  Controller: timeLogs  - list of tasks of user 7 is recieved
2017-07-24 10:35:51,136  INFO  Controller: users - User 7 is logged in
2017-07-24 10:35:51,137  INFO  Controller: activity - Activities' list is received
2017-07-24 10:35:51,238  INFO  Controller: timeLogs  - list of tasks of user 7 is recieved
2017-07-24 10:38:23,245  INFO  Controller: users - User 7 is logged in
2017-07-24 10:38:23,247  INFO  Controller: activity - Activities' list is received
2017-07-24 10:38:23,463  INFO  Controller: timeLogs  - list of tasks of user 7 is recieved
2017-07-24 10:47:45,531  INFO  Controller: activity - Activities' list is received
2017-07-24 10:47:45,540  INFO  Controller: users - User 7 is logged in
2017-07-24 10:47:45,631  INFO  Controller: timeLogs  - list of tasks of user 7 is recieved
2017-07-24 10:47:50,594  INFO  Controller: activity - Activities' list is received
2017-07-24 10:47:55,671  INFO  Controller: autorization  - Auturisation is success. Data is got
2017-07-24 10:47:55,697  INFO  Controller: users - User 7 is logged in
2017-07-24 10:47:55,796  INFO  Controller: timeLogs  - list of tasks of user 7 is recieved
2017-07-24 10:50:20,853  INFO  Controller: timeLogs  - list of tasks of user 7 is recieved
2017-07-24 10:50:21,188  INFO  Controller: timeLogs - TimeLog 32 is updated
2017-07-24 10:50:36,883  ERROR Controller: timeLogs -  TimeLog32can't be updated
2017-07-24 10:50:36,883  INFO  Controller: timeLogs  - list of tasks of user 7 is recieved
2017-07-24 10:50:43,304  INFO  Controller: activity - Activities' list is received
2017-07-24 10:50:50,759  INFO  Controller: timeLogs  - list of tasks of user 7 is recieved
2017-07-24 10:50:51,027  INFO  Controller: timeLogs - new TimeLog is created
2017-07-24 10:51:22,033  INFO  Controller: activity - Activities' list is received
2017-07-24 10:51:26,586  INFO  Controller: autorization  - Auturisation is success. Data is got
2017-07-24 10:51:26,600  INFO  Controller: users - User 7 is logged in
2017-07-24 10:51:26,707  INFO  Controller: timeLogs  - list of tasks of user 7 is recieved
2017-07-24 10:51:32,111  INFO  Controller: activity - Activities' list is received
2017-07-24 10:51:37,694  INFO  Controller: autorization  - Auturisation is success. Data is got
2017-07-24 10:51:37,710  INFO  Controller: users - User 7 is logged in
2017-07-24 10:51:37,820  INFO  Controller: timeLogs  - list of tasks of user 7 is recieved
2017-07-24 11:07:20,046  INFO  Controller: activity - Activities' list is received
2017-07-24 11:07:24,385  INFO  Controller: autorization  - Auturisation is success. Data is got
2017-07-24 11:07:24,404  INFO  Controller: users - User 7 is logged in
2017-07-24 11:07:24,521  INFO  Controller: timeLogs  - list of tasks of user 7 is recieved
2017-07-24 11:07:29,550  INFO  Controller: activity - Activities' list is received
2017-07-24 11:07:34,354  INFO  Controller: autorization  - Auturisation is success. Data is got
2017-07-24 11:07:34,371  INFO  Controller: users - User 7 is logged in
2017-07-24 11:07:34,481  INFO  Controller: timeLogs  - list of tasks of user 7 is recieved
2017-07-24 11:18:11,992  INFO  Controller: activity - Activities' list is received
2017-07-24 11:18:16,611  INFO  Controller: autorization  - Auturisation is success. Data is got
2017-07-24 11:18:16,657  INFO  Controller: users - User 7 is logged in
2017-07-24 11:18:16,761  INFO  Controller: timeLogs  - list of tasks of user 7 is recieved
2017-07-24 11:25:22,941  INFO  Controller: activity - Activities' list is received
2017-07-24 11:25:35,102  INFO  Controller: autorization  - Auturisation is success. Data is got
2017-07-24 11:25:35,121  INFO  Controller: users - User 7 is logged in
2017-07-24 11:25:35,236  INFO  Controller: timeLogs  - list of tasks of user 7 is recieved
2017-07-24 11:38:10,486  INFO  Controller: activity - Activities' list is received
2017-07-24 11:38:10,514  INFO  Controller: users - User 7 is logged in
2017-07-24 11:38:10,596  INFO  Controller: timeLogs  - list of tasks of user 7 is recieved
2017-07-24 11:39:38,734  INFO  Controller: users - User 7 is logged in
2017-07-24 11:39:38,736  INFO  Controller: activity - Activities' list is received
2017-07-24 11:39:38,862  INFO  Controller: timeLogs  - list of tasks of user 7 is recieved
2017-07-24 11:41:04,841  INFO  Controller: activity - Activities' list is received
2017-07-24 11:42:46,844  INFO  Controller: activity - Activities' list is received
2017-07-24 11:42:54,995  INFO  Controller: autorization  - Auturisation is success. Data is got
2017-07-24 11:42:55,029  INFO  Controller: users - User 7 is logged in
2017-07-24 11:42:55,168  INFO  Controller: timeLogs  - list of tasks of user 7 is recieved
2017-07-24 11:43:01,846  INFO  Controller: activity - Activities' list is received
2017-07-24 11:43:45,144  INFO  Controller: activity - Activities' list is received
2017-07-24 11:46:38,817  INFO  Controller: activity - Activities' list is received
2017-07-24 11:47:09,259  INFO  Controller: activity - Activities' list is received
2017-07-24 11:47:16,996  INFO  Controller: autorization  - Auturisation is success. Data is got
2017-07-24 11:47:17,020  INFO  Controller: users - User 7 is logged in
2017-07-24 11:47:17,151  INFO  Controller: timeLogs  - list of tasks of user 7 is recieved
2017-07-24 11:47:54,494  INFO  Controller: activity - Activities' list is received
2017-07-24 11:48:05,224  INFO  Controller: activity - Activities' list is received
2017-07-24 11:48:09,021  INFO  Controller: autorization  - Auturisation is success. Data is got
2017-07-24 11:48:09,038  INFO  Controller: users - User 7 is logged in
2017-07-24 11:48:09,167  INFO  Controller: timeLogs  - list of tasks of user 7 is recieved
2017-07-24 11:48:15,198  INFO  Controller: activity - Activities' list is received
2017-07-24 11:48:18,455  INFO  Controller: autorization  - Auturisation is success. Data is got
2017-07-24 11:48:18,483  INFO  Controller: users - User 7 is logged in
2017-07-24 11:48:18,625  INFO  Controller: timeLogs  - list of tasks of user 7 is recieved
2017-07-24 11:49:12,037  INFO  Controller: activity - Activities' list is received
2017-07-24 11:49:17,213  INFO  Controller: autorization  - Auturisation is success. Data is got
2017-07-24 11:49:17,238  INFO  Controller: users - User 7 is logged in
2017-07-24 11:49:17,370  INFO  Controller: timeLogs  - list of tasks of user 7 is recieved
2017-07-24 12:04:01,846  INFO  Controller: activity - Activities' list is received
2017-07-24 12:04:01,851  INFO  Controller: users - User 7 is logged in
2017-07-24 12:04:01,998  INFO  Controller: timeLogs  - list of tasks of user 7 is recieved
2017-07-24 12:04:52,040  INFO  Controller: users - User 7 is logged in
2017-07-24 12:04:52,041  INFO  Controller: activity - Activities' list is received
2017-07-24 12:04:52,140  INFO  Controller: timeLogs  - list of tasks of user 7 is recieved
2017-07-24 12:05:08,701  INFO  Controller: activity - Activities' list is received
2017-07-24 12:05:12,794  INFO  Controller: autorization  - Auturisation is success. Data is got
2017-07-24 12:05:12,807  INFO  Controller: users - User 7 is logged in
2017-07-24 12:05:12,944  INFO  Controller: timeLogs  - list of tasks of user 7 is recieved
2017-07-24 12:05:23,105  INFO  Controller: activity - Activities' list is received
2017-07-24 12:05:23,124  INFO  Controller: users - User 7 is logged in
2017-07-24 12:05:23,274  INFO  Controller: timeLogs  - list of tasks of user 7 is recieved
2017-07-24 12:05:33,197  INFO  Controller: timeLogs  - list of tasks of user 7 is recieved
2017-07-24 12:05:33,204  INFO  Controller: timeLogs - TimeLog 32 is updated
2017-07-24 12:05:38,128  INFO  Controller: timeLogs  - list of tasks of user 7 is recieved
2017-07-24 12:05:38,143  INFO  Controller: timeLogs - TimeLog 32 is updated
2017-07-24 12:05:43,429  INFO  Controller: users - User 7 is logged in
2017-07-24 12:05:43,433  INFO  Controller: activity - Activities' list is received
2017-07-24 12:05:43,512  INFO  Controller: timeLogs  - list of tasks of user 7 is recieved
2017-07-24 12:05:46,738  INFO  Controller: timeLogs  - list of tasks of user 7 is recieved
2017-07-24 12:05:46,741  INFO  Controller: timeLogs - TimeLog 33 is updated
2017-07-24 12:05:51,019  INFO  Controller: users - User 7 is logged in
2017-07-24 12:05:51,050  INFO  Controller: activity - Activities' list is received
2017-07-24 12:05:51,129  INFO  Controller: timeLogs  - list of tasks of user 7 is recieved
2017-07-24 12:07:08,138  INFO  Controller: users - User 7 is logged in
2017-07-24 12:07:08,146  INFO  Controller: activity - Activities' list is received
2017-07-24 12:07:08,305  INFO  Controller: timeLogs  - list of tasks of user 7 is recieved
2017-07-24 12:12:05,846  INFO  Controller: activity - Activities' list is received
2017-07-24 12:12:06,150  INFO  Controller: users - User 7 is logged in
2017-07-24 12:12:06,571  INFO  Controller: timeLogs  - list of tasks of user 7 is recieved
2017-07-24 12:12:07,911  INFO  Controller: activity - Activities' list is received
2017-07-24 12:12:07,917  INFO  Controller: users - User 7 is logged in
2017-07-24 12:12:08,131  INFO  Controller: timeLogs  - list of tasks of user 7 is recieved
2017-07-24 12:14:28,478  INFO  Controller: activity - Activities' list is received
2017-07-24 12:14:28,484  INFO  Controller: users - User 7 is logged in
2017-07-24 12:14:28,609  INFO  Controller: timeLogs  - list of tasks of user 7 is recieved
2017-07-24 12:14:32,989  INFO  Controller: users - User 7 is logged in
2017-07-24 12:14:32,994  INFO  Controller: activity - Activities' list is received
2017-07-24 12:14:33,185  INFO  Controller: timeLogs  - list of tasks of user 7 is recieved
2017-07-24 12:15:49,534  INFO  Controller: activity - Activities' list is received
2017-07-24 12:15:49,542  INFO  Controller: users - User 7 is logged in
2017-07-24 12:15:49,726  INFO  Controller: timeLogs  - list of tasks of user 7 is recieved
2017-07-24 12:15:58,982  INFO  Controller: activity - Activities' list is received
2017-07-24 12:15:59,024  INFO  Controller: users - User 7 is logged in
2017-07-24 12:15:59,254  INFO  Controller: timeLogs  - list of tasks of user 7 is recieved
